{
  "time": "2025-12-25T09:41:39.592Z",
  "firstTitle": "Top Choices for Small Enterprises: AI-Driven SEO Solutions",
  "firstID": "2d321923-aeac-8130-9f55-f2b2a6fa09c9"
}
{
  "time": "2025-12-25T09:41:40.292Z",
  "firstTitle": "Top Choices for Small Enterprises: AI-Driven SEO Solutions",
  "firstID": "2d321923-aeac-8130-9f55-f2b2a6fa09c9"
}
{
  "time": "2025-12-25T09:41:40.904Z",
  "firstTitle": "Top Choices for Small Enterprises: AI-Driven SEO Solutions",
  "firstID": "2d321923-aeac-8130-9f55-f2b2a6fa09c9"
}
{
  "time": "2025-12-25T09:41:42.956Z",
  "firstTitle": "Top Choices for Small Enterprises: AI-Driven SEO Solutions",
  "firstID": "2d321923-aeac-8130-9f55-f2b2a6fa09c9"
}
{
  "time": "2025-12-25T09:42:15.639Z",
  "firstTitle": "Top Choices for Small Enterprises: AI-Driven SEO Solutions",
  "firstID": "2d321923-aeac-8130-9f55-f2b2a6fa09c9"
}
